<?xml version="1.0" encoding="UTF-8"?>
<!-- Generated by org.testng.reporters.JUnitReportReporter -->
<testsuite name="P1.NewTest" tests="1" time="0.017" ignored="0" failures="0" timestamp="29 Jun 2019 17:40:03 GMT" skipped="0" hostname="DESKTOP-JAPDL52" errors="0">
  <testcase name="f" time="0.017" classname="P1.NewTest"/>
</testsuite> <!-- P1.NewTest -->
